TN:MOO
SF:/home/rick/projects/test/gcov/cov.c
FN:4,main
FN:9,mainTwo
FN:14,mainThree
FNDA:4,main
FNDA:0,mainTwo
FNDA:0,mainThree
FNF:3
FNH:1
BRDA:8,2,0,9
BRDA:8,2,1,1
BRDA:10,0,0,0
BRDA:10,0,1,6
BRDA:12,0,0,0
BRDA:12,0,1,1
BRF:6
BRH:4
DA:4,1
DA:8,10
DA:10,9
DA:11,3
DA:12,1
DA:13,0
DA:16,1
LF:7
LH:6
end_of_record
TN:MOO
SF:/home/rick/projects/test/gcov/cov2.c
FN:4,main
FNDA:1,main
FNF:1
FNH:1
BRDA:8,2,0,9
BRDA:8,2,1,1
BRDA:10,0,0,3
BRDA:10,0,1,6
BRDA:12,0,0,0
BRDA:12,0,1,9
BRDA:13,0,0,0
BRDA:13,0,1,0
BRF:8
BRH:5
DA:4,1
DA:8,10
DA:10,9
DA:11,3
DA:12,9
DA:13,0
DA:16,1
LF:7
LH:6
end_of_record
TN:MOO3
SF:/home/rick/projects/test/gcov/cov3.c
FN:4,main
FNDA:1,main
FNF:1
FNH:1
BRDA:8,2,0,9
BRDA:8,2,1,1
BRDA:10,0,0,3
BRDA:10,0,1,6
BRDA:12,0,0,0
BRDA:12,0,1,9
BRF:6
BRH:5
DA:4,1
DA:8,10
DA:10,9
DA:11,3
DA:12,9
DA:13,0
DA:16,1
LF:7
LH:6
end_of_record
TN:MOO4
SF:/home/rick/projects/test/gcov/cov.c
FN:4,main
FN:9,mainTwo
FN:14,mainThree
FNDA:0,main
FNDA:0,mainTwo
FNDA:2,mainThree
FNF:3
FNH:1
BRDA:8,2,0,0
BRDA:8,2,1,0
BRDA:10,0,0,0
BRDA:10,0,1,0
BRDA:12,0,0,3
BRDA:12,0,1,6
BRF:6
BRH:2
DA:4,0
DA:8,0
DA:10,0
DA:11,3
DA:12,9
DA:13,9
DA:16,1
LF:7
LH:4
end_of_record
TN:MOO5
SF:/home/fred/projects/test/gcov/cov.c
FN:4,main
FN:9,mainTwo
FN:14,mainThree
FNDA:0,mainX
FNDA:0,mainTwoX
FNDA:0,mainThreeX
FNF:3
FNH:0
BRDA:8,2,0,0
BRDA:8,2,1,0
BRDA:10,0,0,1
BRDA:10,0,1,2
BRDA:12,0,0,0
BRDA:12,0,1,0
BRF:6
BRH:2
DA:4,0
DA:8,0
DA:10,3
DA:11,0
DA:12,0
DA:13,0
DA:16,1
LF:7
LH:2
end_of_record
