TN:MOO
SF:/home/rick/projects/test/gcov/cov.c
FN:4,main
FN:9,mainTwo
FN:14,mainOldThree
FNDA:2,main
FNDA:1,mainTwo
FNDA:0,mainOldThree
FNF:3
FNH:2
BRDA:8,2,0,5
BRDA:8,2,1,0
BRDA:10,0,0,1
BRDA:10,0,1,6
BRDA:12,0,0,1
BRDA:12,0,1,0
BRF:6
BRH:4
DA:4,0
DA:8,5
DA:10,9
DA:11,4
DA:12,1
DA:13,0
DA:16,0
LF:7
LH:4
end_of_record
TN:MOO2
SF:/home/rick/projects/test/gcov/cov2.c
FN:4,main
FNDA:1,main
FNF:1
FNH:1
BRDA:8,2,0,9
BRDA:8,2,1,1
BRDA:10,0,0,3
BRDA:10,0,1,6
BRDA:12,0,0,0
BRDA:12,0,1,9
BRDA:13,0,0,0
BRDA:13,0,1,0
BRF:8
BRH:5
DA:4,1
DA:8,10
DA:10,9
DA:11,3
DA:12,9
DA:13,0
DA:16,1
LF:7
LH:6
end_of_record
TN:MOO4
SF:/home/rick/projects/test/gcov/cov4.c
FN:4,main
FNDA:1,main
FNF:1
FNH:1
BRDA:8,2,0,9
BRDA:8,2,1,1
BRDA:10,0,0,3
BRDA:10,0,1,6
BRDA:12,0,0,0
BRDA:12,0,1,9
BRDA:31,0,0,0
BRDA:31,0,1,1
BRF:8
BRH:6
DA:4,1
DA:8,10
DA:10,9
DA:11,3
DA:12,9
DA:13,0
DA:16,1
DA:18,0
DA:19,0
DA:20,0
DA:21,0
DA:22,1
DA:23,0
DA:30,0
DA:31,1
DA:32,0
DA:33,0
DA:34,0
DA:35,0
DA:36,0
LF:20
LH:8
end_of_record
